#
# There is insufficient memory for the Java Runtime Environment to continue.
# Native memory allocation (malloc) failed to allocate 1048576 bytes for AllocateHeap
# Possible reasons:
#   The system is out of physical RAM or swap space
#   The process is running with CompressedOops enabled, and the Java Heap may be blocking the growth of the native heap
# Possible solutions:
#   Reduce memory load on the system
#   Increase physical memory or swap space
#   Check if swap backing store is full
#   Decrease Java heap size (-Xmx/-Xms)
#   Decrease number of Java threads
#   Decrease Java thread stack sizes (-Xss)
#   Set larger code cache with -XX:ReservedCodeCacheSize=
#   JVM is running with Zero Based Compressed Oops mode in which the Java heap is
#     placed in the first 32GB address space. The Java Heap base address is the
#     maximum limit for the native heap growth. Please use -XX:HeapBaseMinAddress
#     to set the Java Heap base and to place the Java Heap above 32GB virtual address.
# This output file may be truncated or incomplete.
#
#  Out of Memory Error (memory/allocation.inline.hpp:61), pid=53876, tid=0x0000000000009e1c
#
# JRE version:  (8.0_241-b07) (build )
# Java VM: Java HotSpot(TM) 64-Bit Server VM (25.241-b07 mixed mode windows-amd64 compressed oops)
# Failed to write core dump. Minidumps are not enabled by default on client versions of Windows
#

---------------  T H R E A D  ---------------

Current thread (0x000000000311e000):  JavaThread "Unknown thread" [_thread_in_vm, id=40476, stack(0x0000000002fd0000,0x00000000030d0000)]

Stack: [0x0000000002fd0000,0x00000000030d0000]
[error occurred during error reporting (printing stack bounds), id 0xc0000005]

Native frames: (J=compiled Java code, j=interpreted, Vv=VM code, C=native code)


---------------  P R O C E S S  ---------------

Java Threads: ( => current thread )

Other Threads:

=>0x000000000311e000 (exited) JavaThread "Unknown thread" [_thread_in_vm, id=40476, stack(0x0000000002fd0000,0x00000000030d0000)]

VM state:not at safepoint (normal execution)

VM Mutex/Monitor currently owned by a thread: None

heap address: 0x00000006c1800000, size: 4072 MB, Compressed Oops mode: Zero based, Oop shift amount: 3
Narrow klass base: 0x0000000000000000, Narrow klass shift: 3
Compressed class space size: 1073741824 Address: 0x00000007c0000000

Heap:
 PSYoungGen      total 76288K, used 1310K [0x000000076b300000, 0x0000000770800000, 0x00000007c0000000)
  eden space 65536K, 2% used [0x000000076b300000,0x000000076b447af0,0x000000076f300000)
  from space 10752K, 0% used [0x000000076fd80000,0x000000076fd80000,0x0000000770800000)
  to   space 10752K, 0% used [0x000000076f300000,0x000000076f300000,0x000000076fd80000)
 ParOldGen       total 175104K, used 0K [0x00000006c1800000, 0x00000006cc300000, 0x000000076b300000)
  object space 175104K, 0% used [0x00000006c1800000,0x00000006c1800000,0x00000006cc300000)
 Metaspace       used 752K, capacity 4480K, committed 4480K, reserved 1056768K
  class space    used 76K, capacity 384K, committed 384K, reserved 1048576K

Card table byte_map: [0x00000000125e0000,0x0000000012de0000] byte_map_base: 0x000000000efd4000

Marking Bits: (ParMarkBitMap*) 0x00000000601dbe30
 Begin Bits: [0x0000000013b30000, 0x0000000017ad0000)
 End Bits:   [0x0000000017ad0000, 0x000000001ba70000)

Polling page: 0x0000000001370000

CodeCache: size=245760Kb used=328Kb max_used=328Kb free=245431Kb
 bounds [0x0000000003220000, 0x0000000003490000, 0x0000000012220000]
 total_blobs=58 nmethods=0 adapters=38
 compilation: enabled

Compilation events (0 events):
No events

GC Heap History (0 events):
No events

Deoptimization events (0 events):
No events

Classes redefined (0 events):
No events

Internal exceptions (0 events):
No events

Events (10 events):
Event: 0.020 loading class java/lang/Short
Event: 0.020 loading class java/lang/Short done
Event: 0.020 loading class java/lang/Integer
Event: 0.020 loading class java/lang/Integer done
Event: 0.020 loading class java/lang/Long
Event: 0.020 loading class java/lang/Long done
Event: 0.021 loading class java/lang/NullPointerException
Event: 0.021 loading class java/lang/NullPointerException done
Event: 0.021 loading class java/lang/ArithmeticException
Event: 0.021 loading class java/lang/ArithmeticException done


Dynamic libraries:
0x00007ff7fbb20000 - 0x00007ff7fbb57000 	C:\Program Files\Java\jre1.8.0_241\bin\javaw.exe
0x00007ffb51b00000 - 0x00007ffb51cf0000 	C:\WINDOWS\SYSTEM32\ntdll.dll
0x00007ffb51750000 - 0x00007ffb51802000 	C:\WINDOWS\System32\KERNEL32.DLL
0x00007ffb4f6a0000 - 0x00007ffb4f943000 	C:\WINDOWS\System32\KERNELBASE.dll
0x00007ffb4fb80000 - 0x00007ffb4fc23000 	C:\WINDOWS\System32\ADVAPI32.dll
0x00007ffb4fc30000 - 0x00007ffb4fcce000 	C:\WINDOWS\System32\msvcrt.dll
0x00007ffb51550000 - 0x00007ffb515e7000 	C:\WINDOWS\System32\sechost.dll
0x00007ffb4fdc0000 - 0x00007ffb4fee0000 	C:\WINDOWS\System32\RPCRT4.dll
0x00007ffb51820000 - 0x00007ffb519b4000 	C:\WINDOWS\System32\USER32.dll
0x00007ffb4f9a0000 - 0x00007ffb4f9c1000 	C:\WINDOWS\System32\win32u.dll
0x00007ffb50680000 - 0x00007ffb506a6000 	C:\WINDOWS\System32\GDI32.dll
0x00007ffb4eb00000 - 0x00007ffb4ec94000 	C:\WINDOWS\System32\gdi32full.dll
0x00007ffb4ea60000 - 0x00007ffb4eafe000 	C:\WINDOWS\System32\msvcp_win.dll
0x00007ffb4fa80000 - 0x00007ffb4fb7a000 	C:\WINDOWS\System32\ucrtbase.dll
0x00007ffb3ec30000 - 0x00007ffb3eeb5000 	C:\WINDOWS\WinSxS\amd64_microsoft.windows.common-controls_6595b64144ccf1df_6.0.18362.592_none_e6c0b1911312be02\COMCTL32.dll
0x00007ffb50710000 - 0x00007ffb50a46000 	C:\WINDOWS\System32\combase.dll
0x00007ffb4ed00000 - 0x00007ffb4ed80000 	C:\WINDOWS\System32\bcryptPrimitives.dll
0x00007ffb4fd90000 - 0x00007ffb4fdbe000 	C:\WINDOWS\System32\IMM32.DLL
0x000000005ef60000 - 0x000000005f032000 	C:\Program Files\Java\jre1.8.0_241\bin\msvcr100.dll
0x000000005f9b0000 - 0x000000006025c000 	C:\Program Files\Java\jre1.8.0_241\bin\server\jvm.dll
0x00007ffb51810000 - 0x00007ffb51818000 	C:\WINDOWS\System32\PSAPI.DLL
0x00007ffb436c0000 - 0x00007ffb436ca000 	C:\WINDOWS\SYSTEM32\VERSION.dll
0x00007ffb3aa30000 - 0x00007ffb3aa39000 	C:\WINDOWS\SYSTEM32\WSOCK32.dll
0x00007ffb4c7d0000 - 0x00007ffb4c7f4000 	C:\WINDOWS\SYSTEM32\WINMM.dll
0x00007ffb51180000 - 0x00007ffb511ef000 	C:\WINDOWS\System32\WS2_32.dll
0x00007ffb4c7a0000 - 0x00007ffb4c7cd000 	C:\WINDOWS\SYSTEM32\winmmbase.dll
0x00007ffb4f950000 - 0x00007ffb4f99a000 	C:\WINDOWS\System32\cfgmgr32.dll
0x00007ffb44f80000 - 0x00007ffb44f8f000 	C:\Program Files\Java\jre1.8.0_241\bin\verify.dll
0x00007ffb20130000 - 0x00007ffb20159000 	C:\Program Files\Java\jre1.8.0_241\bin\java.dll
0x00007ffb20110000 - 0x00007ffb20126000 	C:\Program Files\Java\jre1.8.0_241\bin\zip.dll

VM Arguments:
jvm_args: -Dfile.encoding=Cp1252 
java_command: com.prog1.assigment1.Question6
java_class_path (initial): D:\prog1\bin\main
Launcher Type: SUN_STANDARD

Environment Variables:
JAVA_HOME=C:\Program Files\Java\jdk1.8.0_191
PATH=C:/Program Files/Java/jre1.8.0_241/bin/server;C:/Program Files/Java/jre1.8.0_241/bin;C:/Program Files/Java/jre1.8.0_241/lib/amd64;C:\oraclexe\app\oracle\product\11.2.0\server\bin;C:\Program Files (x86)\Common Files\Oracle\Java\javapath;C:\WINDOWS\system32;C:\WINDOWS;C:\WINDOWS\System32\Wbem;C:\WINDOWS\System32\WindowsPowerShell\v1.0\;C:\Program Files\Git\cmd;C:\Program Files\SourceGear\Common\DiffMerge\;C:\Program Files\Liquid Technologies\Liquid Studio 2018\XmlDataBinder16\Redist16\cpp\win32\bin;C:\Program Files\Liquid Technologies\Liquid Studio 2018\XmlDataBinder16\Redist16\cpp\win64\bin;D:\wildfly\wildfly-8.2.0.Final\bin;C:\Program Files\Java\jre1.8.0_191\bin;C:\gradle-4.10.3\bin;C:\Program Files\Java\jdk1.8.0_191\bin;C:\Program Files\MongoDB\Server\3.2\bin;C:\WINDOWS\System32\OpenSSH\;C:\Program Files\nodejs\;D:\c;;C:\Users\Marwa.Saleh\AppData\Local\Programs\Microsoft VS Code\bin;C:\Users\Marwa.Saleh\AppData\Local\Microsoft\WindowsApps;C:\Users\Marwa.Saleh\AppData\Roaming\npm;D:\newEclipse\eclipse;
USERNAME=marwa.saleh
OS=Windows_NT
PROCESSOR_IDENTIFIER=Intel64 Family 6 Model 142 Stepping 10, GenuineIntel



---------------  S Y S T E M  ---------------

OS: Windows 10.0 , 64 bit Build 18362 (10.0.18362.329)

CPU:total 8 (initial active 8) (4 cores per cpu, 2 threads per core) family 6 model 142 stepping 10, cmov, cx8, fxsr, mmx, sse, sse2, sse3, ssse3, sse4.1, sse4.2, popcnt, avx, avx2, clmul, erms, 3dnowpref, lzcnt, ht, tsc, tscinvbit, bmi1, bmi2, adx

Memory: 4k page, physical 16671320k(2855596k free), swap 29718648k(5296k free)

vm_info: Java HotSpot(TM) 64-Bit Server VM (25.241-b07) for windows-amd64 JRE (1.8.0_241-b07), built on Dec 11 2019 10:21:40 by "rejava" with MS VC++ 10.0 (VS2010)

time: Sat Jun 13 18:45:23 2020
timezone: Egypt Standard Time
elapsed time: 0 seconds (0d 0h 0m 0s)

